<?xml version="1.0" encoding="UTF-8"?>
<!-- Generated by org.testng.reporters.JUnitXMLReporter -->
<testsuite hostname="Josephs-MacBoo.local" ignored="0" name="Default test" tests="4" failures="0" timestamp="2023-02-04T00:22:24 WAT" time="108.83" errors="0">
  <testcase name="verifyUserCanUpdateCity" time="15.896" classname="com.africaprudential.testcases.UserProfilePageTest"/>
  <testcase name="verifyUserCanUpdateNextOfKinPhoneNumber" time="15.945" classname="com.africaprudential.testcases.UserProfilePageTest"/>
  <testcase name="verifyUserCanUpdateTaxRate" time="15.844" classname="com.africaprudential.testcases.UserProfilePageTest"/>
  <testcase name="verifyUserCanAddAccountNumber" time="13.775" classname="com.africaprudential.testcases.UserProfilePageTest"/>
</testsuite> <!-- Default test -->
