<?xml version="1.0" encoding="UTF-8"?>
<testng-results skipped="0" failed="0" ignored="0" total="4" passed="4">
  <reporter-output>
  </reporter-output>
  <suite name="Default suite" duration-ms="116100" started-at="2023-02-04T12:15:54 WAT" finished-at="2023-02-04T12:17:50 WAT">
    <groups>
    </groups>
    <test name="Default test" duration-ms="116100" started-at="2023-02-04T12:15:54 WAT" finished-at="2023-02-04T12:17:50 WAT">
      <class name="com.africaprudential.testcases.UserProfilePageTest">
        <test-method status="PASS" signature="setUp()[pri:0, instance:com.africaprudential.testcases.UserProfilePageTest@561b7d53]" name="setUp" is-config="true" duration-ms="11606" started-at="2023-02-04T12:15:54 WAT" finished-at="2023-02-04T12:16:05 WAT">
          <reporter-output>
          </reporter-output>
        </test-method> <!-- setUp -->
        <test-method status="PASS" signature="verifyUserCanUpdateCity()[pri:1, instance:com.africaprudential.testcases.UserProfilePageTest@561b7d53]" name="verifyUserCanUpdateCity" duration-ms="15823" started-at="2023-02-04T12:16:05 WAT" finished-at="2023-02-04T12:16:21 WAT">
          <reporter-output>
          </reporter-output>
        </test-method> <!-- verifyUserCanUpdateCity -->
        <test-method status="PASS" signature="tearDown()[pri:0, instance:com.africaprudential.testcases.UserProfilePageTest@561b7d53]" name="tearDown" is-config="true" duration-ms="2130" started-at="2023-02-04T12:16:21 WAT" finished-at="2023-02-04T12:16:23 WAT">
          <reporter-output>
          </reporter-output>
        </test-method> <!-- tearDown -->
        <test-method status="PASS" signature="setUp()[pri:0, instance:com.africaprudential.testcases.UserProfilePageTest@561b7d53]" name="setUp" is-config="true" duration-ms="11015" started-at="2023-02-04T12:16:23 WAT" finished-at="2023-02-04T12:16:34 WAT">
          <reporter-output>
          </reporter-output>
        </test-method> <!-- setUp -->
        <test-method status="PASS" signature="verifyUserCanUpdateNextOfKinPhoneNumber()[pri:2, instance:com.africaprudential.testcases.UserProfilePageTest@561b7d53]" name="verifyUserCanUpdateNextOfKinPhoneNumber" duration-ms="15771" started-at="2023-02-04T12:16:34 WAT" finished-at="2023-02-04T12:16:50 WAT">
          <reporter-output>
          </reporter-output>
        </test-method> <!-- verifyUserCanUpdateNextOfKinPhoneNumber -->
        <test-method status="PASS" signature="tearDown()[pri:0, instance:com.africaprudential.testcases.UserProfilePageTest@561b7d53]" name="tearDown" is-config="true" duration-ms="2126" started-at="2023-02-04T12:16:50 WAT" finished-at="2023-02-04T12:16:52 WAT">
          <reporter-output>
          </reporter-output>
        </test-method> <!-- tearDown -->
        <test-method status="PASS" signature="setUp()[pri:0, instance:com.africaprudential.testcases.UserProfilePageTest@561b7d53]" name="setUp" is-config="true" duration-ms="11776" started-at="2023-02-04T12:16:52 WAT" finished-at="2023-02-04T12:17:04 WAT">
          <reporter-output>
          </reporter-output>
        </test-method> <!-- setUp -->
        <test-method status="PASS" signature="verifyUserCanUpdateTaxRate()[pri:3, instance:com.africaprudential.testcases.UserProfilePageTest@561b7d53]" name="verifyUserCanUpdateTaxRate" duration-ms="15740" started-at="2023-02-04T12:17:04 WAT" finished-at="2023-02-04T12:17:20 WAT">
          <reporter-output>
          </reporter-output>
        </test-method> <!-- verifyUserCanUpdateTaxRate -->
        <test-method status="PASS" signature="tearDown()[pri:0, instance:com.africaprudential.testcases.UserProfilePageTest@561b7d53]" name="tearDown" is-config="true" duration-ms="2122" started-at="2023-02-04T12:17:20 WAT" finished-at="2023-02-04T12:17:22 WAT">
          <reporter-output>
          </reporter-output>
        </test-method> <!-- tearDown -->
        <test-method status="PASS" signature="setUp()[pri:0, instance:com.africaprudential.testcases.UserProfilePageTest@561b7d53]" name="setUp" is-config="true" duration-ms="12003" started-at="2023-02-04T12:17:22 WAT" finished-at="2023-02-04T12:17:34 WAT">
          <reporter-output>
          </reporter-output>
        </test-method> <!-- setUp -->
        <test-method status="PASS" signature="verifyUserCanAddAccountNumber()[pri:4, instance:com.africaprudential.testcases.UserProfilePageTest@561b7d53]" name="verifyUserCanAddAccountNumber" duration-ms="13796" started-at="2023-02-04T12:17:34 WAT" finished-at="2023-02-04T12:17:48 WAT">
          <reporter-output>
          </reporter-output>
        </test-method> <!-- verifyUserCanAddAccountNumber -->
        <test-method status="PASS" signature="tearDown()[pri:0, instance:com.africaprudential.testcases.UserProfilePageTest@561b7d53]" name="tearDown" is-config="true" duration-ms="2127" started-at="2023-02-04T12:17:48 WAT" finished-at="2023-02-04T12:17:50 WAT">
          <reporter-output>
          </reporter-output>
        </test-method> <!-- tearDown -->
      </class> <!-- com.africaprudential.testcases.UserProfilePageTest -->
    </test> <!-- Default test -->
  </suite> <!-- Default suite -->
</testng-results>
